#
# There is insufficient memory for the Java Runtime Environment to continue.
# Native memory allocation (malloc) failed to allocate 1467504 bytes for Chunk::new
# Possible reasons:
#   The system is out of physical RAM or swap space
#   The process is running with CompressedOops enabled, and the Java Heap may be blocking the growth of the native heap
# Possible solutions:
#   Reduce memory load on the system
#   Increase physical memory or swap space
#   Check if swap backing store is full
#   Decrease Java heap size (-Xmx/-Xms)
#   Decrease number of Java threads
#   Decrease Java thread stack sizes (-Xss)
#   Set larger code cache with -XX:ReservedCodeCacheSize=
#   JVM is running with Unscaled Compressed Oops mode in which the Java heap is
#     placed in the first 4GB address space. The Java Heap base address is the
#     maximum limit for the native heap growth. Please use -XX:HeapBaseMinAddress
#     to set the Java Heap base and to place the Java Heap above 4GB virtual address.
# This output file may be truncated or incomplete.
#
#  Out of Memory Error (arena.cpp:184), pid=31412, tid=29576
#
# JRE version: Java(TM) SE Runtime Environment (18.0.2+9) (build 18.0.2+9-61)
# Java VM: Java HotSpot(TM) 64-Bit Server VM (18.0.2+9-61, mixed mode, sharing, tiered, compressed oops, compressed class ptrs, g1 gc, windows-amd64)
# No core dump will be written. Minidumps are not enabled by default on client versions of Windows
#

---------------  S U M M A R Y ------------

Command Line: c:\Users\suren\.vscode\extensions\salesforce.salesforce-vscode-slds-1.4.9\lsp-0.0.14-executable.jar --PORT=14583

Host: Intel(R) Core(TM) i5-10300H CPU @ 2.50GHz, 8 cores, 7G,  Windows 10 , 64 bit Build 19041 (10.0.19041.3636)
Time: Sun Jun  9 23:35:30 2024 India Standard Time elapsed time: 3.540045 seconds (0d 0h 0m 3s)

---------------  T H R E A D  ---------------

Current thread (0x000001fea9d04a20):  JavaThread "C2 CompilerThread1" daemon [_thread_in_native, id=29576, stack(0x0000009226400000,0x0000009226500000)]


Current CompileTask:
C2:   3540 2864   !   4       org.springframework.boot.loader.jar.JarFileEntries::getEntry (131 bytes)

Stack: [0x0000009226400000,0x0000009226500000]
Native frames: (J=compiled Java code, j=interpreted, Vv=VM code, C=native code)
V  [jvm.dll+0x6993ca]
V  [jvm.dll+0x7f481d]
V  [jvm.dll+0x7f612e]
V  [jvm.dll+0x7f67e3]
V  [jvm.dll+0x25cdaf]
V  [jvm.dll+0xb8c2f]
V  [jvm.dll+0xb8fa5]
V  [jvm.dll+0x3860cb]
V  [jvm.dll+0x34fd01]
V  [jvm.dll+0x34f19a]
V  [jvm.dll+0x22ff51]
V  [jvm.dll+0x22f321]
V  [jvm.dll+0x1ba01c]
V  [jvm.dll+0x23ec9a]
V  [jvm.dll+0x23cf85]
V  [jvm.dll+0x7a6e21]
V  [jvm.dll+0x7a125a]
V  [jvm.dll+0x698275]
C  [ucrtbase.dll+0x21bb2]
C  [KERNEL32.DLL+0x17344]
C  [ntdll.dll+0x526b1]


---------------  P R O C E S S  ---------------

Threads class SMR info:
_java_thread_list=0x000001fea974db70, length=14, elements={
0x000001fe85b780d0, 0x000001fea3c11d40, 0x000001fea3c129a0, 0x000001fea3c2b4f0,
0x000001fea3c2cea0, 0x000001fea3c2d840, 0x000001fea3c2e1e0, 0x000001fea3c2eeb0,
0x000001fea3c30030, 0x000001fea3c87a60, 0x000001fea8093310, 0x000001fea80a1c70,
0x000001fea80c38e0, 0x000001fea9d04a20
}

Java Threads: ( => current thread )
  0x000001fe85b780d0 JavaThread "main" [_thread_in_native, id=10488, stack(0x0000009224900000,0x0000009224a00000)]
  0x000001fea3c11d40 JavaThread "Reference Handler" daemon [_thread_blocked, id=22728, stack(0x0000009225000000,0x0000009225100000)]
  0x000001fea3c129a0 JavaThread "Finalizer" daemon [_thread_blocked, id=35988, stack(0x0000009225100000,0x0000009225200000)]
  0x000001fea3c2b4f0 JavaThread "Signal Dispatcher" daemon [_thread_blocked, id=36108, stack(0x0000009225200000,0x0000009225300000)]
  0x000001fea3c2cea0 JavaThread "Attach Listener" daemon [_thread_blocked, id=25556, stack(0x0000009225300000,0x0000009225400000)]
  0x000001fea3c2d840 JavaThread "Service Thread" daemon [_thread_blocked, id=27896, stack(0x0000009225400000,0x0000009225500000)]
  0x000001fea3c2e1e0 JavaThread "Monitor Deflation Thread" daemon [_thread_blocked, id=6516, stack(0x0000009225500000,0x0000009225600000)]
  0x000001fea3c2eeb0 JavaThread "C2 CompilerThread0" daemon [_thread_in_native, id=27008, stack(0x0000009225600000,0x0000009225700000)]
  0x000001fea3c30030 JavaThread "C1 CompilerThread0" daemon [_thread_in_native, id=12412, stack(0x0000009225700000,0x0000009225800000)]
  0x000001fea3c87a60 JavaThread "Sweeper thread" daemon [_thread_blocked, id=5460, stack(0x0000009225800000,0x0000009225900000)]
  0x000001fea8093310 JavaThread "Notification Thread" daemon [_thread_blocked, id=25744, stack(0x0000009225900000,0x0000009225a00000)]
  0x000001fea80a1c70 JavaThread "Common-Cleaner" daemon [_thread_blocked, id=32428, stack(0x0000009225b00000,0x0000009225c00000)]
  0x000001fea80c38e0 JavaThread "pool-1-thread-1" [_thread_in_native, id=11448, stack(0x0000009225c00000,0x0000009225d00000)]
=>0x000001fea9d04a20 JavaThread "C2 CompilerThread1" daemon [_thread_in_native, id=29576, stack(0x0000009226400000,0x0000009226500000)]

Other Threads:
  0x000001fea3c0c590 VMThread "VM Thread" [stack: 0x0000009224f00000,0x0000009225000000] [id=20152]
  0x000001fea80a0c30 WatcherThread "VM Periodic Task Thread" [stack: 0x0000009225a00000,0x0000009225b00000] [id=4284]
  0x000001fe85bd7ea0 WorkerThread "GC Thread#0" [stack: 0x0000009224a00000,0x0000009224b00000] [id=28024]
  0x000001fea8886aa0 WorkerThread "GC Thread#1" [stack: 0x0000009225d00000,0x0000009225e00000] [id=28804]
  0x000001fea895fad0 WorkerThread "GC Thread#2" [stack: 0x0000009225e00000,0x0000009225f00000] [id=28792]
  0x000001fea8960550 WorkerThread "GC Thread#3" [stack: 0x0000009225f00000,0x0000009226000000] [id=33616]
  0x000001fea9859d20 WorkerThread "GC Thread#4" [stack: 0x0000009226000000,0x0000009226100000] [id=25204]
  0x000001fea9245950 WorkerThread "GC Thread#5" [stack: 0x0000009226100000,0x0000009226200000] [id=31984]
  0x000001fea856f0f0 WorkerThread "GC Thread#6" [stack: 0x0000009226200000,0x0000009226300000] [id=28960]
  0x000001fea9864290 WorkerThread "GC Thread#7" [stack: 0x0000009226300000,0x0000009226400000] [id=24768]
  0x000001fe85be97a0 ConcurrentGCThread "G1 Main Marker" [stack: 0x0000009224b00000,0x0000009224c00000] [id=16572]
  0x000001fe85bea190 WorkerThread "G1 Conc#0" [stack: 0x0000009224c00000,0x0000009224d00000] [id=27952]
  0x000001fe85c37d80 ConcurrentGCThread "G1 Refine#0" [stack: 0x0000009224d00000,0x0000009224e00000] [id=592]
  0x000001fe85c38690 ConcurrentGCThread "G1 Service" [stack: 0x0000009224e00000,0x0000009224f00000] [id=31916]

Threads with active compile tasks:
C2 CompilerThread0     3578 2869   !   4       jdk.internal.loader.BuiltinClassLoader::loadClassOrNull (143 bytes)
C1 CompilerThread0     3578 2911       3       java.util.concurrent.CopyOnWriteArrayList::size (6 bytes)
C2 CompilerThread1     3578 2864   !   4       org.springframework.boot.loader.jar.JarFileEntries::getEntry (131 bytes)

VM state: not at safepoint (normal execution)

VM Mutex/Monitor currently owned by a thread: None

Heap address: 0x0000000083200000, size: 1998 MB, Compressed Oops mode: 32-bit

CDS archive(s) mapped at: [0x0000000800000000-0x0000000800ba0000-0x0000000800ba0000), size 12189696, SharedBaseAddress: 0x0000000800000000, ArchiveRelocationMode: 0.
Compressed class space mapped at: 0x0000000800c00000-0x0000000840c00000, reserved size: 1073741824
Narrow klass base: 0x0000000800000000, Narrow klass shift: 0, Narrow klass range: 0x100000000

GC Precious Log:
 CardTable entry size: 512
 Card Set container configuration: InlinePtr #cards 5 size 8 Array Of Cards #cards 12 size 40 Howl #buckets 4 coarsen threshold 1843 Howl Bitmap #cards 512 size 80 coarsen threshold 460 Card regions per heap region 1 cards per card region 2048
 CPUs: 8 total, 8 available
 Memory: 7985M
 Large Page Support: Disabled
 NUMA Support: Disabled
 Compressed Oops: Enabled (32-bit)
 Heap Region Size: 1M
 Heap Min Capacity: 8M
 Heap Initial Capacity: 126M
 Heap Max Capacity: 1998M
 Pre-touch: Disabled
 Parallel Workers: 8
 Concurrent Workers: 2
 Concurrent Refinement Workers: 8
 Periodic GC: Disabled

Heap:
 garbage-first heap   total 129024K, used 74953K [0x0000000083200000, 0x0000000100000000)
  region size 1024K, 75 young (76800K), 6 survivors (6144K)
 Metaspace       used 18642K, committed 18944K, reserved 1114112K
  class space    used 2193K, committed 2368K, reserved 1048576K

Heap Regions: E=young(eden), S=young(survivor), O=old, HS=humongous(starts), HC=humongous(continues), CS=collection set, F=free, OA=open archive, CA=closed archive, TAMS=top-at-mark-start (previous, next)
|   0|0x0000000083200000, 0x0000000083200000, 0x0000000083300000|  0%| F|  |TAMS 0x0000000083200000, 0x0000000083200000| Untracked 
|   1|0x0000000083300000, 0x0000000083300000, 0x0000000083400000|  0%| F|  |TAMS 0x0000000083300000, 0x0000000083300000| Untracked 
|   2|0x0000000083400000, 0x0000000083400000, 0x0000000083500000|  0%| F|  |TAMS 0x0000000083400000, 0x0000000083400000| Untracked 
|   3|0x0000000083500000, 0x0000000083500000, 0x0000000083600000|  0%| F|  |TAMS 0x0000000083500000, 0x0000000083500000| Untracked 
|   4|0x0000000083600000, 0x0000000083600000, 0x0000000083700000|  0%| F|  |TAMS 0x0000000083600000, 0x0000000083600000| Untracked 
|   5|0x0000000083700000, 0x0000000083700000, 0x0000000083800000|  0%| F|  |TAMS 0x0000000083700000, 0x0000000083700000| Untracked 
|   6|0x0000000083800000, 0x0000000083800000, 0x0000000083900000|  0%| F|  |TAMS 0x0000000083800000, 0x0000000083800000| Untracked 
|   7|0x0000000083900000, 0x0000000083900000, 0x0000000083a00000|  0%| F|  |TAMS 0x0000000083900000, 0x0000000083900000| Untracked 
|   8|0x0000000083a00000, 0x0000000083a00000, 0x0000000083b00000|  0%| F|  |TAMS 0x0000000083a00000, 0x0000000083a00000| Untracked 
|   9|0x0000000083b00000, 0x0000000083b00000, 0x0000000083c00000|  0%| F|  |TAMS 0x0000000083b00000, 0x0000000083b00000| Untracked 
|  10|0x0000000083c00000, 0x0000000083c00000, 0x0000000083d00000|  0%| F|  |TAMS 0x0000000083c00000, 0x0000000083c00000| Untracked 
|  11|0x0000000083d00000, 0x0000000083d00000, 0x0000000083e00000|  0%| F|  |TAMS 0x0000000083d00000, 0x0000000083d00000| Untracked 
|  12|0x0000000083e00000, 0x0000000083e00000, 0x0000000083f00000|  0%| F|  |TAMS 0x0000000083e00000, 0x0000000083e00000| Untracked 
|  13|0x0000000083f00000, 0x0000000083f00000, 0x0000000084000000|  0%| F|  |TAMS 0x0000000083f00000, 0x0000000083f00000| Untracked 
|  14|0x0000000084000000, 0x0000000084000000, 0x0000000084100000|  0%| F|  |TAMS 0x0000000084000000, 0x0000000084000000| Untracked 
|  15|0x0000000084100000, 0x0000000084100000, 0x0000000084200000|  0%| F|  |TAMS 0x0000000084100000, 0x0000000084100000| Untracked 
|  16|0x0000000084200000, 0x0000000084200000, 0x0000000084300000|  0%| F|  |TAMS 0x0000000084200000, 0x0000000084200000| Untracked 
|  17|0x0000000084300000, 0x0000000084300000, 0x0000000084400000|  0%| F|  |TAMS 0x0000000084300000, 0x0000000084300000| Untracked 
|  18|0x0000000084400000, 0x0000000084400000, 0x0000000084500000|  0%| F|  |TAMS 0x0000000084400000, 0x0000000084400000| Untracked 
|  19|0x0000000084500000, 0x0000000084500000, 0x0000000084600000|  0%| F|  |TAMS 0x0000000084500000, 0x0000000084500000| Untracked 
|  20|0x0000000084600000, 0x0000000084600000, 0x0000000084700000|  0%| F|  |TAMS 0x0000000084600000, 0x0000000084600000| Untracked 
|  21|0x0000000084700000, 0x0000000084700000, 0x0000000084800000|  0%| F|  |TAMS 0x0000000084700000, 0x0000000084700000| Untracked 
|  22|0x0000000084800000, 0x0000000084800000, 0x0000000084900000|  0%| F|  |TAMS 0x0000000084800000, 0x0000000084800000| Untracked 
|  23|0x0000000084900000, 0x0000000084900000, 0x0000000084a00000|  0%| F|  |TAMS 0x0000000084900000, 0x0000000084900000| Untracked 
|  24|0x0000000084a00000, 0x0000000084a00000, 0x0000000084b00000|  0%| F|  |TAMS 0x0000000084a00000, 0x0000000084a00000| Untracked 
|  25|0x0000000084b00000, 0x0000000084b00000, 0x0000000084c00000|  0%| F|  |TAMS 0x0000000084b00000, 0x0000000084b00000| Untracked 
|  26|0x0000000084c00000, 0x0000000084c00000, 0x0000000084d00000|  0%| F|  |TAMS 0x0000000084c00000, 0x0000000084c00000| Untracked 
|  27|0x0000000084d00000, 0x0000000084d00000, 0x0000000084e00000|  0%| F|  |TAMS 0x0000000084d00000, 0x0000000084d00000| Untracked 
|  28|0x0000000084e00000, 0x0000000084e00000, 0x0000000084f00000|  0%| F|  |TAMS 0x0000000084e00000, 0x0000000084e00000| Untracked 
|  29|0x0000000084f00000, 0x0000000084f00000, 0x0000000085000000|  0%| F|  |TAMS 0x0000000084f00000, 0x0000000084f00000| Untracked 
|  30|0x0000000085000000, 0x0000000085000000, 0x0000000085100000|  0%| F|  |TAMS 0x0000000085000000, 0x0000000085000000| Untracked 
|  31|0x0000000085100000, 0x0000000085100000, 0x0000000085200000|  0%| F|  |TAMS 0x0000000085100000, 0x0000000085100000| Untracked 
|  32|0x0000000085200000, 0x0000000085200000, 0x0000000085300000|  0%| F|  |TAMS 0x0000000085200000, 0x0000000085200000| Untracked 
|  33|0x0000000085300000, 0x0000000085300000, 0x0000000085400000|  0%| F|  |TAMS 0x0000000085300000, 0x0000000085300000| Untracked 
|  34|0x0000000085400000, 0x0000000085400000, 0x0000000085500000|  0%| F|  |TAMS 0x0000000085400000, 0x0000000085400000| Untracked 
|  35|0x0000000085500000, 0x0000000085500000, 0x0000000085600000|  0%| F|  |TAMS 0x0000000085500000, 0x0000000085500000| Untracked 
|  36|0x0000000085600000, 0x0000000085600000, 0x0000000085700000|  0%| F|  |TAMS 0x0000000085600000, 0x0000000085600000| Untracked 
|  37|0x0000000085700000, 0x0000000085700000, 0x0000000085800000|  0%| F|  |TAMS 0x0000000085700000, 0x0000000085700000| Untracked 
|  38|0x0000000085800000, 0x0000000085800000, 0x0000000085900000|  0%| F|  |TAMS 0x0000000085800000, 0x0000000085800000| Untracked 
|  39|0x0000000085900000, 0x0000000085900000, 0x0000000085a00000|  0%| F|  |TAMS 0x0000000085900000, 0x0000000085900000| Untracked 
|  40|0x0000000085a00000, 0x0000000085a00000, 0x0000000085b00000|  0%| F|  |TAMS 0x0000000085a00000, 0x0000000085a00000| Untracked 
|  41|0x0000000085b00000, 0x0000000085b00000, 0x0000000085c00000|  0%| F|  |TAMS 0x0000000085b00000, 0x0000000085b00000| Untracked 
|  42|0x0000000085c00000, 0x0000000085c00000, 0x0000000085d00000|  0%| F|  |TAMS 0x0000000085c00000, 0x0000000085c00000| Untracked 
|  43|0x0000000085d00000, 0x0000000085d00000, 0x0000000085e00000|  0%| F|  |TAMS 0x0000000085d00000, 0x0000000085d00000| Untracked 
|  44|0x0000000085e00000, 0x0000000085e00000, 0x0000000085f00000|  0%| F|  |TAMS 0x0000000085e00000, 0x0000000085e00000| Untracked 
|  45|0x0000000085f00000, 0x0000000085f324b8, 0x0000000086000000| 19%| S|CS|TAMS 0x0000000085f00000, 0x0000000085f00000| Complete 
|  46|0x0000000086000000, 0x0000000086100000, 0x0000000086100000|100%| S|CS|TAMS 0x0000000086000000, 0x0000000086000000| Complete 
|  47|0x0000000086100000, 0x0000000086200000, 0x0000000086200000|100%| S|CS|TAMS 0x0000000086100000, 0x0000000086100000| Complete 
|  48|0x0000000086200000, 0x0000000086300000, 0x0000000086300000|100%| S|CS|TAMS 0x0000000086200000, 0x0000000086200000| Complete 
|  49|0x0000000086300000, 0x0000000086400000, 0x0000000086400000|100%| S|CS|TAMS 0x0000000086300000, 0x0000000086300000| Complete 
|  50|0x0000000086400000, 0x0000000086500000, 0x0000000086500000|100%| S|CS|TAMS 0x0000000086400000, 0x0000000086400000| Complete 
|  51|0x0000000086500000, 0x0000000086500000, 0x0000000086600000|  0%| F|  |TAMS 0x0000000086500000, 0x0000000086500000| Untracked 
|  52|0x0000000086600000, 0x0000000086600000, 0x0000000086700000|  0%| F|  |TAMS 0x0000000086600000, 0x0000000086600000| Untracked 
|  53|0x0000000086700000, 0x0000000086700000, 0x0000000086800000|  0%| F|  |TAMS 0x0000000086700000, 0x0000000086700000| Untracked 
|  54|0x0000000086800000, 0x0000000086800000, 0x0000000086900000|  0%| F|  |TAMS 0x0000000086800000, 0x0000000086800000| Untracked 
|  55|0x0000000086900000, 0x0000000086900000, 0x0000000086a00000|  0%| F|  |TAMS 0x0000000086900000, 0x0000000086900000| Untracked 
|  56|0x0000000086a00000, 0x0000000086a00000, 0x0000000086b00000|  0%| F|  |TAMS 0x0000000086a00000, 0x0000000086a00000| Untracked 
|  57|0x0000000086b00000, 0x0000000086c00000, 0x0000000086c00000|100%| E|  |TAMS 0x0000000086b00000, 0x0000000086b00000| Complete 
|  58|0x0000000086c00000, 0x0000000086d00000, 0x0000000086d00000|100%| E|CS|TAMS 0x0000000086c00000, 0x0000000086c00000| Complete 
|  59|0x0000000086d00000, 0x0000000086e00000, 0x0000000086e00000|100%| E|CS|TAMS 0x0000000086d00000, 0x0000000086d00000| Complete 
|  60|0x0000000086e00000, 0x0000000086f00000, 0x0000000086f00000|100%| E|CS|TAMS 0x0000000086e00000, 0x0000000086e00000| Complete 
|  61|0x0000000086f00000, 0x0000000087000000, 0x0000000087000000|100%| E|CS|TAMS 0x0000000086f00000, 0x0000000086f00000| Complete 
|  62|0x0000000087000000, 0x0000000087100000, 0x0000000087100000|100%| E|CS|TAMS 0x0000000087000000, 0x0000000087000000| Complete 
|  63|0x0000000087100000, 0x0000000087200000, 0x0000000087200000|100%| E|CS|TAMS 0x0000000087100000, 0x0000000087100000| Complete 
|  64|0x0000000087200000, 0x0000000087300000, 0x0000000087300000|100%| E|CS|TAMS 0x0000000087200000, 0x0000000087200000| Complete 
|  65|0x0000000087300000, 0x0000000087400000, 0x0000000087400000|100%| E|CS|TAMS 0x0000000087300000, 0x0000000087300000| Complete 
|  66|0x0000000087400000, 0x0000000087500000, 0x0000000087500000|100%| E|CS|TAMS 0x0000000087400000, 0x0000000087400000| Complete 
|  67|0x0000000087500000, 0x0000000087600000, 0x0000000087600000|100%| E|CS|TAMS 0x0000000087500000, 0x0000000087500000| Complete 
|  68|0x0000000087600000, 0x0000000087700000, 0x0000000087700000|100%| E|CS|TAMS 0x0000000087600000, 0x0000000087600000| Complete 
|  69|0x0000000087700000, 0x0000000087800000, 0x0000000087800000|100%| E|CS|TAMS 0x0000000087700000, 0x0000000087700000| Complete 
|  70|0x0000000087800000, 0x0000000087900000, 0x0000000087900000|100%| E|CS|TAMS 0x0000000087800000, 0x0000000087800000| Complete 
|  71|0x0000000087900000, 0x0000000087a00000, 0x0000000087a00000|100%| E|CS|TAMS 0x0000000087900000, 0x0000000087900000| Complete 
|  72|0x0000000087a00000, 0x0000000087b00000, 0x0000000087b00000|100%| E|CS|TAMS 0x0000000087a00000, 0x0000000087a00000| Complete 
|  73|0x0000000087b00000, 0x0000000087c00000, 0x0000000087c00000|100%| E|CS|TAMS 0x0000000087b00000, 0x0000000087b00000| Complete 
|  74|0x0000000087c00000, 0x0000000087d00000, 0x0000000087d00000|100%| E|CS|TAMS 0x0000000087c00000, 0x0000000087c00000| Complete 
|  75|0x0000000087d00000, 0x0000000087e00000, 0x0000000087e00000|100%| E|CS|TAMS 0x0000000087d00000, 0x0000000087d00000| Complete 
|  76|0x0000000087e00000, 0x0000000087f00000, 0x0000000087f00000|100%| E|CS|TAMS 0x0000000087e00000, 0x0000000087e00000| Complete 
|  77|0x0000000087f00000, 0x0000000088000000, 0x0000000088000000|100%| E|CS|TAMS 0x0000000087f00000, 0x0000000087f00000| Complete 
|  78|0x0000000088000000, 0x0000000088100000, 0x0000000088100000|100%| E|CS|TAMS 0x0000000088000000, 0x0000000088000000| Complete 
|  79|0x0000000088100000, 0x0000000088200000, 0x0000000088200000|100%| E|CS|TAMS 0x0000000088100000, 0x0000000088100000| Complete 
|  80|0x0000000088200000, 0x0000000088300000, 0x0000000088300000|100%| E|CS|TAMS 0x0000000088200000, 0x0000000088200000| Complete 
|  81|0x0000000088300000, 0x0000000088400000, 0x0000000088400000|100%| E|CS|TAMS 0x0000000088300000, 0x0000000088300000| Complete 
|  82|0x0000000088400000, 0x0000000088500000, 0x0000000088500000|100%| E|CS|TAMS 0x0000000088400000, 0x0000000088400000| Complete 
|  83|0x0000000088500000, 0x0000000088600000, 0x0000000088600000|100%| E|CS|TAMS 0x0000000088500000, 0x0000000088500000| Complete 
|  84|0x0000000088600000, 0x0000000088700000, 0x0000000088700000|100%| E|CS|TAMS 0x0000000088600000, 0x0000000088600000| Complete 
|  85|0x0000000088700000, 0x0000000088800000, 0x0000000088800000|100%| E|CS|TAMS 0x0000000088700000, 0x0000000088700000| Complete 
|  86|0x0000000088800000, 0x0000000088900000, 0x0000000088900000|100%| E|CS|TAMS 0x0000000088800000, 0x0000000088800000| Complete 
|  87|0x0000000088900000, 0x0000000088a00000, 0x0000000088a00000|100%| E|CS|TAMS 0x0000000088900000, 0x0000000088900000| Complete 
|  88|0x0000000088a00000, 0x0000000088b00000, 0x0000000088b00000|100%| E|CS|TAMS 0x0000000088a00000, 0x0000000088a00000| Complete 
|  89|0x0000000088b00000, 0x0000000088c00000, 0x0000000088c00000|100%| E|CS|TAMS 0x0000000088b00000, 0x0000000088b00000| Complete 
|  90|0x0000000088c00000, 0x0000000088d00000, 0x0000000088d00000|100%| E|CS|TAMS 0x0000000088c00000, 0x0000000088c00000| Complete 
|  91|0x0000000088d00000, 0x0000000088e00000, 0x0000000088e00000|100%| E|CS|TAMS 0x0000000088d00000, 0x0000000088d00000| Complete 
|  92|0x0000000088e00000, 0x0000000088f00000, 0x0000000088f00000|100%| E|CS|TAMS 0x0000000088e00000, 0x0000000088e00000| Complete 
|  93|0x0000000088f00000, 0x0000000089000000, 0x0000000089000000|100%| E|CS|TAMS 0x0000000088f00000, 0x0000000088f00000| Complete 
|  94|0x0000000089000000, 0x0000000089100000, 0x0000000089100000|100%| E|CS|TAMS 0x0000000089000000, 0x0000000089000000| Complete 
|  95|0x0000000089100000, 0x0000000089200000, 0x0000000089200000|100%| E|CS|TAMS 0x0000000089100000, 0x0000000089100000| Complete 
|  96|0x0000000089200000, 0x0000000089300000, 0x0000000089300000|100%| E|CS|TAMS 0x0000000089200000, 0x0000000089200000| Complete 
|  97|0x0000000089300000, 0x0000000089400000, 0x0000000089400000|100%| E|CS|TAMS 0x0000000089300000, 0x0000000089300000| Complete 
|  98|0x0000000089400000, 0x0000000089500000, 0x0000000089500000|100%| E|CS|TAMS 0x0000000089400000, 0x0000000089400000| Complete 
|  99|0x0000000089500000, 0x0000000089600000, 0x0000000089600000|100%| E|CS|TAMS 0x0000000089500000, 0x0000000089500000| Complete 
| 100|0x0000000089600000, 0x0000000089700000, 0x0000000089700000|100%| E|CS|TAMS 0x0000000089600000, 0x0000000089600000| Complete 
| 101|0x0000000089700000, 0x0000000089800000, 0x0000000089800000|100%| E|CS|TAMS 0x0000000089700000, 0x0000000089700000| Complete 
| 102|0x0000000089800000, 0x0000000089900000, 0x0000000089900000|100%| E|CS|TAMS 0x0000000089800000, 0x0000000089800000| Complete 
| 103|0x0000000089900000, 0x0000000089a00000, 0x0000000089a00000|100%| E|CS|TAMS 0x0000000089900000, 0x0000000089900000| Complete 
| 104|0x0000000089a00000, 0x0000000089b00000, 0x0000000089b00000|100%| E|CS|TAMS 0x0000000089a00000, 0x0000000089a00000| Complete 
| 105|0x0000000089b00000, 0x0000000089c00000, 0x0000000089c00000|100%| E|CS|TAMS 0x0000000089b00000, 0x0000000089b00000| Complete 
| 106|0x0000000089c00000, 0x0000000089d00000, 0x0000000089d00000|100%| E|CS|TAMS 0x0000000089c00000, 0x0000000089c00000| Complete 
| 107|0x0000000089d00000, 0x0000000089e00000, 0x0000000089e00000|100%| E|CS|TAMS 0x0000000089d00000, 0x0000000089d00000| Complete 
| 108|0x0000000089e00000, 0x0000000089f00000, 0x0000000089f00000|100%| E|CS|TAMS 0x0000000089e00000, 0x0000000089e00000| Complete 
| 109|0x0000000089f00000, 0x000000008a000000, 0x000000008a000000|100%| E|CS|TAMS 0x0000000089f00000, 0x0000000089f00000| Complete 
| 110|0x000000008a000000, 0x000000008a100000, 0x000000008a100000|100%| E|CS|TAMS 0x000000008a000000, 0x000000008a000000| Complete 
| 111|0x000000008a100000, 0x000000008a200000, 0x000000008a200000|100%| E|CS|TAMS 0x000000008a100000, 0x000000008a100000| Complete 
| 112|0x000000008a200000, 0x000000008a300000, 0x000000008a300000|100%| E|CS|TAMS 0x000000008a200000, 0x000000008a200000| Complete 
| 113|0x000000008a300000, 0x000000008a400000, 0x000000008a400000|100%| E|CS|TAMS 0x000000008a300000, 0x000000008a300000| Complete 
| 114|0x000000008a400000, 0x000000008a500000, 0x000000008a500000|100%| E|CS|TAMS 0x000000008a400000, 0x000000008a400000| Complete 
| 115|0x000000008a500000, 0x000000008a600000, 0x000000008a600000|100%| E|CS|TAMS 0x000000008a500000, 0x000000008a500000| Complete 
| 116|0x000000008a600000, 0x000000008a700000, 0x000000008a700000|100%| E|CS|TAMS 0x000000008a600000, 0x000000008a600000| Complete 
| 117|0x000000008a700000, 0x000000008a800000, 0x000000008a800000|100%| E|CS|TAMS 0x000000008a700000, 0x000000008a700000| Complete 
| 118|0x000000008a800000, 0x000000008a900000, 0x000000008a900000|100%| E|CS|TAMS 0x000000008a800000, 0x000000008a800000| Complete 
| 119|0x000000008a900000, 0x000000008aa00000, 0x000000008aa00000|100%| E|CS|TAMS 0x000000008a900000, 0x000000008a900000| Complete 
| 120|0x000000008aa00000, 0x000000008ab00000, 0x000000008ab00000|100%| E|CS|TAMS 0x000000008aa00000, 0x000000008aa00000| Complete 
| 121|0x000000008ab00000, 0x000000008ac00000, 0x000000008ac00000|100%| E|CS|TAMS 0x000000008ab00000, 0x000000008ab00000| Complete 
| 122|0x000000008ac00000, 0x000000008ad00000, 0x000000008ad00000|100%| E|CS|TAMS 0x000000008ac00000, 0x000000008ac00000| Complete 
| 123|0x000000008ad00000, 0x000000008ae00000, 0x000000008ae00000|100%| E|CS|TAMS 0x000000008ad00000, 0x000000008ad00000| Complete 
| 124|0x000000008ae00000, 0x000000008af00000, 0x000000008af00000|100%| E|CS|TAMS 0x000000008ae00000, 0x000000008ae00000| Complete 
| 125|0x000000008af00000, 0x000000008b000000, 0x000000008b000000|100%| E|CS|TAMS 0x000000008af00000, 0x000000008af00000| Complete 

Card table byte_map: [0x000001fe9cbe0000,0x000001fe9cfd0000] _byte_map_base: 0x000001fe9c7c7000

Marking Bits (Prev, Next): (CMBitMap*) 0x000001fe85bd94b0, (CMBitMap*) 0x000001fe85bd94f0
 Prev Bits: [0x000001fe9d3c0000, 0x000001fe9f2f8000)
 Next Bits: [0x000001fe9f300000, 0x000001fea1238000)

Polling page: 0x000001fe83b50000

Metaspace:

Usage:
  Non-class:     16.08 MB used.
      Class:      2.14 MB used.
       Both:     18.22 MB used.

Virtual space:
  Non-class space:       64.00 MB reserved,      16.19 MB ( 25%) committed,  1 nodes.
      Class space:        1.00 GB reserved,       2.31 MB ( <1%) committed,  1 nodes.
             Both:        1.06 GB reserved,      18.50 MB (  2%) committed. 

Chunk freelists:
   Non-Class:  3.52 MB
       Class:  1.67 MB
        Both:  5.19 MB

MaxMetaspaceSize: unlimited
CompressedClassSpaceSize: 1.00 GB
Initial GC threshold: 21.00 MB
Current GC threshold: 21.00 MB
CDS: on
MetaspaceReclaimPolicy: balanced
 - commit_granule_bytes: 65536.
 - commit_granule_words: 8192.
 - virtual_space_node_default_size: 8388608.
 - enlarge_chunks_in_place: 1.
 - new_chunks_are_fully_committed: 0.
 - uncommit_free_chunks: 1.
 - use_allocation_guard: 0.


Internal statistics:

num_allocs_failed_limit: 0.
num_arena_births: 230.
num_arena_deaths: 0.
num_vsnodes_births: 2.
num_vsnodes_deaths: 0.
num_space_committed: 296.
num_space_uncommitted: 0.
num_chunks_returned_to_freelist: 0.
num_chunks_taken_from_freelist: 847.
num_chunk_merges: 0.
num_chunk_splits: 601.
num_chunks_enlarged: 489.
num_inconsistent_stats: 0.

CodeHeap 'non-profiled nmethods': size=120000Kb used=1320Kb max_used=1320Kb free=118679Kb
 bounds [0x000001fe94f80000, 0x000001fe951f0000, 0x000001fe9c4b0000]
CodeHeap 'profiled nmethods': size=120000Kb used=5799Kb max_used=5799Kb free=114200Kb
 bounds [0x000001fe8da50000, 0x000001fe8e000000, 0x000001fe94f80000]
CodeHeap 'non-nmethods': size=5760Kb used=1219Kb max_used=1227Kb free=4540Kb
 bounds [0x000001fe8d4b0000, 0x000001fe8d720000, 0x000001fe8da50000]
 total_blobs=3427 nmethods=2911 adapters=427
 compilation: enabled
              stopped_count=0, restarted_count=0
 full_count=0

Compilation events (20 events):
Event: 3.459 Thread 0x000001fea3c2eeb0 2869   !   4       jdk.internal.loader.BuiltinClassLoader::loadClassOrNull (143 bytes)
Event: 3.514 Thread 0x000001fea3c30030 2874       3       com.fasterxml.jackson.core.sym.ByteQuadsCanonicalizer::_calcOffset (13 bytes)
Event: 3.514 Thread 0x000001fea3c30030 nmethod 2874 0x000001fe8dfd7410 code [0x000001fe8dfd75a0, 0x000001fe8dfd76b8]
Event: 3.514 Thread 0x000001fea3c30030 2875       3       com.fasterxml.jackson.core.sym.ByteQuadsCanonicalizer::addName (277 bytes)
Event: 3.514 Thread 0x000001fea3c30030 nmethod 2875 0x000001fe8dfd7790 code [0x000001fe8dfd7a20, 0x000001fe8dfd8458]
Event: 3.514 Thread 0x000001fea3c30030 2876       3       com.fasterxml.jackson.core.sym.ByteQuadsCanonicalizer::_verifySharing (48 bytes)
Event: 3.515 Thread 0x000001fea3c30030 nmethod 2876 0x000001fe8dfd8a10 code [0x000001fe8dfd8be0, 0x000001fe8dfd8ff8]
Event: 3.515 Thread 0x000001fea3c30030 2877       3       com.fasterxml.jackson.core.util.TextBuffer::emptyAndGetCurrentSegment (63 bytes)
Event: 3.515 Thread 0x000001fea3c30030 nmethod 2877 0x000001fe8dfd9190 code [0x000001fe8dfd9380, 0x000001fe8dfd9958]
Event: 3.521 Thread 0x000001fea3c30030 2879       3       com.google.common.collect.CollectPreconditions::checkEntryNotNull (68 bytes)
Event: 3.522 Thread 0x000001fea3c30030 nmethod 2879 0x000001fe8dfd9b10 code [0x000001fe8dfd9e40, 0x000001fe8dfdae68]
Event: 3.522 Thread 0x000001fea3c30030 2880       1       com.google.common.collect.ImmutableEntry::getKey (5 bytes)
Event: 3.522 Thread 0x000001fea3c30030 nmethod 2880 0x000001fe950c9790 code [0x000001fe950c9920, 0x000001fe950c99f8]
Event: 3.522 Thread 0x000001fea3c30030 2881       1       com.google.common.collect.ImmutableEntry::getValue (5 bytes)
Event: 3.522 Thread 0x000001fea3c30030 nmethod 2881 0x000001fe950c9a90 code [0x000001fe950c9c20, 0x000001fe950c9cf8]
Event: 3.532 Thread 0x000001fea3c30030 2882       3       java.util.regex.Pattern::unread (11 bytes)
Event: 3.532 Thread 0x000001fea3c30030 nmethod 2882 0x000001fe8dfdb410 code [0x000001fe8dfdb5a0, 0x000001fe8dfdb6b8]
Event: 3.532 Thread 0x000001fea3c30030 2883       3       java.util.regex.Pattern::nextEscaped (19 bytes)
Event: 3.532 Thread 0x000001fea3c30030 nmethod 2883 0x000001fe8dfdb790 code [0x000001fe8dfdb920, 0x000001fe8dfdba58]
Event: 3.537 Thread 0x000001fea3c30030 2886   !   3       java.util.regex.Pattern::closure (276 bytes)

GC Heap History (6 events):
Event: 1.007 GC heap before
{Heap before GC invocations=0 (full 0):
 garbage-first heap   total 129024K, used 22528K [0x0000000083200000, 0x0000000100000000)
  region size 1024K, 23 young (23552K), 0 survivors (0K)
 Metaspace       used 2508K, committed 2624K, reserved 1114112K
  class space    used 261K, committed 320K, reserved 1048576K
}
Event: 1.021 GC heap after
{Heap after GC invocations=1 (full 0):
 garbage-first heap   total 129024K, used 2303K [0x0000000083200000, 0x0000000100000000)
  region size 1024K, 3 young (3072K), 3 survivors (3072K)
 Metaspace       used 2508K, committed 2624K, reserved 1114112K
  class space    used 261K, committed 320K, reserved 1048576K
}
Event: 1.511 GC heap before
{Heap before GC invocations=1 (full 0):
 garbage-first heap   total 129024K, used 38143K [0x0000000083200000, 0x0000000100000000)
  region size 1024K, 38 young (38912K), 3 survivors (3072K)
 Metaspace       used 5327K, committed 5504K, reserved 1114112K
  class space    used 632K, committed 704K, reserved 1048576K
}
Event: 1.516 GC heap after
{Heap after GC invocations=2 (full 0):
 garbage-first heap   total 129024K, used 3520K [0x0000000083200000, 0x0000000100000000)
  region size 1024K, 4 young (4096K), 4 survivors (4096K)
 Metaspace       used 5327K, committed 5504K, reserved 1114112K
  class space    used 632K, committed 704K, reserved 1048576K
}
Event: 2.616 GC heap before
{Heap before GC invocations=2 (full 0):
 garbage-first heap   total 129024K, used 76224K [0x0000000083200000, 0x0000000100000000)
  region size 1024K, 75 young (76800K), 4 survivors (4096K)
 Metaspace       used 10648K, committed 10816K, reserved 1114112K
  class space    used 1269K, committed 1344K, reserved 1048576K
}
Event: 2.624 GC heap after
{Heap after GC invocations=3 (full 0):
 garbage-first heap   total 129024K, used 5321K [0x0000000083200000, 0x0000000100000000)
  region size 1024K, 6 young (6144K), 6 survivors (6144K)
 Metaspace       used 10648K, committed 10816K, reserved 1114112K
  class space    used 1269K, committed 1344K, reserved 1048576K
}

Deoptimization events (20 events):
Event: 3.319 Thread 0x000001fe85b780d0 Uncommon trap: trap_request=0xffffff45 fr.pc=0x000001fe94fc1588 relative=0x00000000000003e8
Event: 3.319 Thread 0x000001fe85b780d0 Uncommon trap: reason=unstable_if action=reinterpret pc=0x000001fe94fc1588 method=java.lang.AbstractStringBuilder.isLatin1()Z @ 10 c2
Event: 3.319 Thread 0x000001fe85b780d0 DEOPT PACKING pc=0x000001fe94fc1588 sp=0x00000092249faaf0
Event: 3.319 Thread 0x000001fe85b780d0 DEOPT UNPACKING pc=0x000001fe8d5023a3 sp=0x00000092249faa80 mode 2
Event: 3.319 Thread 0x000001fe85b780d0 Uncommon trap: trap_request=0xffffff45 fr.pc=0x000001fe94fedb5c relative=0x000000000000005c
Event: 3.319 Thread 0x000001fe85b780d0 Uncommon trap: reason=unstable_if action=reinterpret pc=0x000001fe94fedb5c method=java.lang.AbstractStringBuilder.isLatin1()Z @ 10 c2
Event: 3.319 Thread 0x000001fe85b780d0 DEOPT PACKING pc=0x000001fe94fedb5c sp=0x00000092249faae0
Event: 3.319 Thread 0x000001fe85b780d0 DEOPT UNPACKING pc=0x000001fe8d5023a3 sp=0x00000092249faa70 mode 2
Event: 3.340 Thread 0x000001fea80c38e0 Uncommon trap: trap_request=0xffffff45 fr.pc=0x000001fe95070ef0 relative=0x0000000000000b50
Event: 3.340 Thread 0x000001fea80c38e0 Uncommon trap: reason=unstable_if action=reinterpret pc=0x000001fe95070ef0 method=java.util.concurrent.ConcurrentHashMap.addCount(JI)V @ 34 c2
Event: 3.340 Thread 0x000001fea80c38e0 DEOPT PACKING pc=0x000001fe95070ef0 sp=0x0000009225cfd250
Event: 3.340 Thread 0x000001fea80c38e0 DEOPT UNPACKING pc=0x000001fe8d5023a3 sp=0x0000009225cfd110 mode 2
Event: 3.340 Thread 0x000001fe85b780d0 Uncommon trap: trap_request=0xffffff45 fr.pc=0x000001fe95002818 relative=0x0000000000000158
Event: 3.340 Thread 0x000001fe85b780d0 Uncommon trap: reason=unstable_if action=reinterpret pc=0x000001fe95002818 method=java.util.concurrent.ConcurrentHashMap.addCount(JI)V @ 7 c2
Event: 3.341 Thread 0x000001fe85b780d0 DEOPT PACKING pc=0x000001fe95002818 sp=0x00000092249f7b30
Event: 3.341 Thread 0x000001fe85b780d0 DEOPT UNPACKING pc=0x000001fe8d5023a3 sp=0x00000092249f7a90 mode 2
Event: 3.352 Thread 0x000001fea80c38e0 Uncommon trap: trap_request=0xffffff45 fr.pc=0x000001fe9507a360 relative=0x0000000000000240
Event: 3.352 Thread 0x000001fea80c38e0 Uncommon trap: reason=unstable_if action=reinterpret pc=0x000001fe9507a360 method=java.lang.String.encode(Ljava/nio/charset/Charset;B[B)[B @ 4 c2
Event: 3.352 Thread 0x000001fea80c38e0 DEOPT PACKING pc=0x000001fe9507a360 sp=0x0000009225cfef00
Event: 3.352 Thread 0x000001fea80c38e0 DEOPT UNPACKING pc=0x000001fe8d5023a3 sp=0x0000009225cfee58 mode 2

Classes loaded (20 events):
Event: 3.268 Loading class jdk/internal/vm/annotation/ForceInline
Event: 3.269 Loading class jdk/internal/vm/annotation/ForceInline done
Event: 3.270 Loading class jdk/internal/reflect/MethodHandleBooleanFieldAccessorImpl
Event: 3.271 Loading class jdk/internal/reflect/MethodHandleBooleanFieldAccessorImpl done
Event: 3.283 Loading class java/util/concurrent/CompletableFuture$AltResult
Event: 3.283 Loading class java/util/concurrent/CompletableFuture$AltResult done
Event: 3.284 Loading class java/util/concurrent/CompletableFuture$Completion
Event: 3.284 Loading class java/util/concurrent/CompletableFuture$AsynchronousCompletionTask
Event: 3.284 Loading class java/util/concurrent/CompletableFuture$AsynchronousCompletionTask done
Event: 3.284 Loading class java/util/concurrent/CompletableFuture$Completion done
Event: 3.319 Loading class sun/text/resources/cldr/FormatData_en_US
Event: 3.319 Loading class sun/text/resources/cldr/FormatData_en_US done
Event: 3.346 Loading class java/io/CharArrayReader
Event: 3.348 Loading class java/io/CharArrayReader done
Event: 3.363 Loading class java/util/concurrent/atomic/AtomicReference
Event: 3.364 Loading class java/util/concurrent/atomic/AtomicReference done
Event: 3.482 Loading class java/util/concurrent/atomic/AtomicReferenceArray
Event: 3.482 Loading class java/util/concurrent/atomic/AtomicReferenceArray done
Event: 3.533 Loading class java/util/regex/Pattern$SliceI
Event: 3.534 Loading class java/util/regex/Pattern$SliceI done

Classes unloaded (0 events):
No events

Classes redefined (0 events):
No events

Internal exceptions (20 events):
Event: 2.780 Thread 0x000001fe85b780d0 Exception <a 'java/lang/ClassNotFoundException'{0x000000008a108380}: org/springframework/aop/framework/autoproxy/InfrastructureAdvisorAutoProxyCreatorCustomizer> (0x000000008a108380) 
thrown [s\open\src\hotspot\share\classfile\systemDictionary.cpp, line 255]
Event: 2.781 Thread 0x000001fe85b780d0 Exception <a 'java/lang/ClassNotFoundException'{0x000000008a131ad0}: org/springframework/beans/factory/config/SmartInstantiationAwareBeanPostProcessorCustomizer> (0x000000008a131ad0) 
thrown [s\open\src\hotspot\share\classfile\systemDictionary.cpp, line 255]
Event: 2.782 Thread 0x000001fe85b780d0 Exception <a 'java/lang/ClassNotFoundException'{0x000000008a150328}: org/springframework/beans/factory/config/InstantiationAwareBeanPostProcessorCustomizer> (0x000000008a150328) 
thrown [s\open\src\hotspot\share\classfile\systemDictionary.cpp, line 255]
Event: 2.783 Thread 0x000001fe85b780d0 Exception <a 'java/lang/ClassNotFoundException'{0x000000008a16c9e0}: org/springframework/beans/factory/config/BeanPostProcessorCustomizer> (0x000000008a16c9e0) 
thrown [s\open\src\hotspot\share\classfile\systemDictionary.cpp, line 255]
Event: 2.783 Thread 0x000001fe85b780d0 Exception <a 'java/lang/ClassNotFoundException'{0x000000008a186328}: org/springframework/beans/factory/BeanFactoryAwareCustomizer> (0x000000008a186328) 
thrown [s\open\src\hotspot\share\classfile\systemDictionary.cpp, line 255]
Event: 2.783 Thread 0x000001fe85b780d0 Exception <a 'java/lang/ClassNotFoundException'{0x000000008a19eab8}: org/springframework/beans/factory/AwareCustomizer> (0x000000008a19eab8) 
thrown [s\open\src\hotspot\share\classfile\systemDictionary.cpp, line 255]
Event: 2.784 Thread 0x000001fe85b780d0 Exception <a 'java/lang/ClassNotFoundException'{0x000000008a1b4cb0}: org/springframework/core/OrderedCustomizer> (0x000000008a1b4cb0) 
thrown [s\open\src\hotspot\share\classfile\systemDictionary.cpp, line 255]
Event: 2.784 Thread 0x000001fe85b780d0 Exception <a 'java/lang/ClassNotFoundException'{0x000000008a1cdd98}: org/springframework/beans/factory/BeanClassLoaderAwareCustomizer> (0x000000008a1cdd98) 
thrown [s\open\src\hotspot\share\classfile\systemDictionary.cpp, line 255]
Event: 2.784 Thread 0x000001fe85b780d0 Exception <a 'java/lang/ClassNotFoundException'{0x000000008a1e5a40}: org/springframework/beans/factory/AwareCustomizer> (0x000000008a1e5a40) 
thrown [s\open\src\hotspot\share\classfile\systemDictionary.cpp, line 255]
Event: 2.785 Thread 0x000001fe85b780d0 Exception <a 'java/lang/ClassNotFoundException'{0x000000008a1fe0f8}: org/springframework/aop/framework/AopInfrastructureBeanCustomizer> (0x000000008a1fe0f8) 
thrown [s\open\src\hotspot\share\classfile\systemDictionary.cpp, line 255]
Event: 2.786 Thread 0x000001fe85b780d0 Exception <a 'java/lang/NoSuchMethodError'{0x000000008a017348}: 'void java.lang.invoke.DirectMethodHandle$Holder.invokeVirtual(java.lang.Object, java.lang.Object, int)'> (0x000000008a017348) 
thrown [s\open\src\hotspot\share\interpreter\linkResolver.cpp, line 759]
Event: 2.787 Thread 0x000001fe85b780d0 Exception <a 'java/lang/NoSuchMethodError'{0x000000008a01b540}: 'int java.lang.invoke.DirectMethodHandle$Holder.invokeSpecial(java.lang.Object, java.lang.Object, java.lang.Object, int)'> (0x000000008a01b540) 
thrown [s\open\src\hotspot\share\interpreter\linkResolver.cpp, line 759]
Event: 2.788 Thread 0x000001fe85b780d0 Exception <a 'java/lang/NoSuchMethodError'{0x000000008a02da90}: 'java.lang.Object java.lang.invoke.DirectMethodHandle$Holder.invokeStatic(java.lang.Object, java.lang.Object, java.lang.Object, java.lang.Object, int)'> (0x000000008a02da90) 
thrown [s\open\src\hotspot\share\interpreter\linkResolver.cpp, line 759]
Event: 2.789 Thread 0x000001fe85b780d0 Exception <a 'java/lang/NoSuchMethodError'{0x000000008a038fb0}: 'void java.lang.invoke.DelegatingMethodHandle$Holder.reinvoke_L(java.lang.Object, java.lang.Object, int)'> (0x000000008a038fb0) 
thrown [s\open\src\hotspot\share\interpreter\linkResolver.cpp, line 759]
Event: 2.803 Thread 0x000001fe85b780d0 Exception <a 'java/lang/NoSuchMethodError'{0x000000008a0f24e0}: 'void java.lang.invoke.Invokers$Holder.invokeExact_MT(java.lang.Object, java.lang.Object, java.lang.Object, java.lang.Object)'> (0x000000008a0f24e0) 
thrown [s\open\src\hotspot\share\interpreter\linkResolver.cpp, line 759]
Event: 2.810 Thread 0x000001fe85b780d0 Exception <a 'java/lang/NoSuchMethodError'{0x0000000089f2a558}: 'void java.lang.invoke.DirectMethodHandle$Holder.invokeSpecial(java.lang.Object, java.lang.Object, java.lang.Object, java.lang.Object, java.lang.Object, java.lang.Object)'> (0x0000000089f2a558) 
thrown [s\open\src\hotspot\share\interpreter\linkResolver.cpp, line 759]
Event: 2.915 Thread 0x000001fe85b780d0 Exception <a 'java/lang/NoSuchMethodError'{0x0000000089840148}: 'java.lang.Object java.lang.invoke.DirectMethodHandle$Holder.invokeVirtual(java.lang.Object, java.lang.Object, java.lang.Object, java.lang.Object)'> (0x0000000089840148) 
thrown [s\open\src\hotspot\share\interpreter\linkResolver.cpp, line 759]
Event: 3.192 Thread 0x000001fea80c38e0 Exception <a 'java/lang/NoSuchMethodError'{0x0000000088954318}: 'int java.lang.invoke.Invokers$Holder.invokeExact_MT(java.lang.Object, java.lang.Object, java.lang.Object)'> (0x0000000088954318) 
thrown [s\open\src\hotspot\share\interpreter\linkResolver.cpp, line 759]
Event: 3.356 Thread 0x000001fea80c38e0 Exception <a 'java/lang/IncompatibleClassChangeError'{0x0000000087bd6d08}: Found class java.lang.Object, but interface was expected> (0x0000000087bd6d08) 
thrown [s\open\src\hotspot\share\interpreter\linkResolver.cpp, line 826]
Event: 3.357 Thread 0x000001fea80c38e0 Exception <a 'java/lang/IncompatibleClassChangeError'{0x0000000087bda208}: Found class java.lang.Object, but interface was expected> (0x0000000087bda208) 
thrown [s\open\src\hotspot\share\interpreter\linkResolver.cpp, line 826]

VM Operations (20 events):
Event: 1.481 Executing VM operation: HandshakeAllThreads
Event: 1.481 Executing VM operation: HandshakeAllThreads done
Event: 1.511 Executing VM operation: G1CollectForAllocation
Event: 1.516 Executing VM operation: G1CollectForAllocation done
Event: 1.869 Executing VM operation: HandshakeAllThreads
Event: 1.869 Executing VM operation: HandshakeAllThreads done
Event: 2.132 Executing VM operation: HandshakeAllThreads
Event: 2.132 Executing VM operation: HandshakeAllThreads done
Event: 2.299 Executing VM operation: ICBufferFull
Event: 2.299 Executing VM operation: ICBufferFull done
Event: 2.616 Executing VM operation: G1CollectForAllocation
Event: 2.624 Executing VM operation: G1CollectForAllocation done
Event: 2.640 Executing VM operation: HandshakeAllThreads
Event: 2.640 Executing VM operation: HandshakeAllThreads done
Event: 2.772 Executing VM operation: HandshakeAllThreads
Event: 2.772 Executing VM operation: HandshakeAllThreads done
Event: 2.772 Executing VM operation: HandshakeAllThreads
Event: 2.772 Executing VM operation: HandshakeAllThreads done
Event: 3.512 Executing VM operation: HandshakeAllThreads
Event: 3.512 Executing VM operation: HandshakeAllThreads done

Events (20 events):
Event: 0.267 Thread 0x000001fea3c2eeb0 Thread added: 0x000001fea3c2eeb0
Event: 0.271 Thread 0x000001fea3c30030 Thread added: 0x000001fea3c30030
Event: 0.272 Thread 0x000001fea3c87a60 Thread added: 0x000001fea3c87a60
Event: 0.322 Thread 0x000001fea8093310 Thread added: 0x000001fea8093310
Event: 0.340 Thread 0x000001fea80a1c70 Thread added: 0x000001fea80a1c70
Event: 0.358 Loaded shared library C:\Program Files\Java\jdk-18.0.2\bin\net.dll
Event: 0.363 Loaded shared library C:\Program Files\Java\jdk-18.0.2\bin\nio.dll
Event: 0.403 Loaded shared library C:\Program Files\Java\jdk-18.0.2\bin\zip.dll
Event: 0.579 Loaded shared library C:\Program Files\Java\jdk-18.0.2\bin\jimage.dll
Event: 0.622 Thread 0x000001fea80c38e0 Thread added: 0x000001fea80c38e0
Event: 1.533 Loaded shared library C:\Program Files\Java\jdk-18.0.2\bin\management.dll
Event: 1.545 Loaded shared library C:\Program Files\Java\jdk-18.0.2\bin\management_ext.dll
Event: 1.621 Thread 0x000001fea891b1e0 Thread added: 0x000001fea891b1e0
Event: 1.640 Thread 0x000001fea891b1e0 Thread exited: 0x000001fea891b1e0
Event: 2.312 Thread 0x000001fea969aa00 Thread added: 0x000001fea969aa00
Event: 2.349 Thread 0x000001fea969aa00 Thread exited: 0x000001fea969aa00
Event: 2.604 Loaded shared library C:\Program Files\Java\jdk-18.0.2\bin\verify.dll
Event: 3.126 Thread 0x000001fea80c38e0 Thread exited: 0x000001fea80c38e0
Event: 3.149 Thread 0x000001fea80c38e0 Thread added: 0x000001fea80c38e0
Event: 3.213 Thread 0x000001fea9d04a20 Thread added: 0x000001fea9d04a20


Dynamic libraries:
0x00007ff6feed0000 - 0x00007ff6feee0000 	C:\Program Files\Java\jdk-18.0.2\bin\java.exe
0x00007ffdeecb0000 - 0x00007ffdeeea8000 	C:\WINDOWS\SYSTEM32\ntdll.dll
0x00007ffdee770000 - 0x00007ffdee82d000 	C:\WINDOWS\System32\KERNEL32.DLL
0x00007ffdec360000 - 0x00007ffdec656000 	C:\WINDOWS\System32\KERNELBASE.dll
0x00007ffdeca60000 - 0x00007ffdecb60000 	C:\WINDOWS\System32\ucrtbase.dll
0x00007ffdd0210000 - 0x00007ffdd022a000 	C:\Program Files\Java\jdk-18.0.2\bin\VCRUNTIME140.dll
0x00007ffdc64e0000 - 0x00007ffdc64f8000 	C:\Program Files\Java\jdk-18.0.2\bin\jli.dll
0x00007ffdecf70000 - 0x00007ffded020000 	C:\WINDOWS\System32\ADVAPI32.dll
0x00007ffdee980000 - 0x00007ffdeea1e000 	C:\WINDOWS\System32\msvcrt.dll
0x00007ffdee080000 - 0x00007ffdee120000 	C:\WINDOWS\System32\sechost.dll
0x00007ffdee4a0000 - 0x00007ffdee5c3000 	C:\WINDOWS\System32\RPCRT4.dll
0x00007ffdecb90000 - 0x00007ffdecbb7000 	C:\WINDOWS\System32\bcrypt.dll
0x00007ffdeead0000 - 0x00007ffdeec6f000 	C:\WINDOWS\System32\USER32.dll
0x00007ffdecb60000 - 0x00007ffdecb82000 	C:\WINDOWS\System32\win32u.dll
0x00007ffdee830000 - 0x00007ffdee85b000 	C:\WINDOWS\System32\GDI32.dll
0x00007ffdec810000 - 0x00007ffdec927000 	C:\WINDOWS\System32\gdi32full.dll
0x00007ffdec9c0000 - 0x00007ffdeca5d000 	C:\WINDOWS\System32\msvcp_win.dll
0x00007ffdd3da0000 - 0x00007ffdd403a000 	C:\WINDOWS\WinSxS\amd64_microsoft.windows.common-controls_6595b64144ccf1df_6.0.19041.3636_none_60b6a03d71f818d5\COMCTL32.dll
0x00007ffde4370000 - 0x00007ffde437a000 	C:\WINDOWS\SYSTEM32\VERSION.dll
0x00007ffdeea20000 - 0x00007ffdeea52000 	C:\WINDOWS\System32\IMM32.DLL
0x00007ffde8af0000 - 0x00007ffde8afc000 	C:\Program Files\Java\jdk-18.0.2\bin\vcruntime140_1.dll
0x00007ffd7c870000 - 0x00007ffd7c8fd000 	C:\Program Files\Java\jdk-18.0.2\bin\msvcp140.dll
0x00007ffd39120000 - 0x00007ffd39d31000 	C:\Program Files\Java\jdk-18.0.2\bin\server\jvm.dll
0x00007ffdeea60000 - 0x00007ffdeea68000 	C:\WINDOWS\System32\PSAPI.DLL
0x00007ffdc5620000 - 0x00007ffdc5629000 	C:\WINDOWS\SYSTEM32\WSOCK32.dll
0x00007ffdee700000 - 0x00007ffdee76b000 	C:\WINDOWS\System32\WS2_32.dll
0x00007ffdd85d0000 - 0x00007ffdd85f7000 	C:\WINDOWS\SYSTEM32\WINMM.dll
0x00007ffdea1d0000 - 0x00007ffdea1e2000 	C:\WINDOWS\SYSTEM32\kernel.appcore.dll
0x00007ffde8960000 - 0x00007ffde896a000 	C:\Program Files\Java\jdk-18.0.2\bin\jimage.dll
0x00007ffde9ac0000 - 0x00007ffde9ca4000 	C:\WINDOWS\SYSTEM32\DBGHELP.DLL
0x00007ffdd8590000 - 0x00007ffdd85c4000 	C:\WINDOWS\SYSTEM32\dbgcore.DLL
0x00007ffdec930000 - 0x00007ffdec9b2000 	C:\WINDOWS\System32\bcryptPrimitives.dll
0x00007ffd8eeb0000 - 0x00007ffd8eed5000 	C:\Program Files\Java\jdk-18.0.2\bin\java.dll
0x00007ffd76310000 - 0x00007ffd763e6000 	C:\Program Files\Java\jdk-18.0.2\bin\jsvml.dll
0x00007ffded7e0000 - 0x00007ffdedf4b000 	C:\WINDOWS\System32\SHELL32.dll
0x00007ffdea3f0000 - 0x00007ffdeab8e000 	C:\WINDOWS\SYSTEM32\windows.storage.dll
0x00007ffdee120000 - 0x00007ffdee473000 	C:\WINDOWS\System32\combase.dll
0x00007ffdebd90000 - 0x00007ffdebdbe000 	C:\WINDOWS\SYSTEM32\Wldp.dll
0x00007ffded020000 - 0x00007ffded0ed000 	C:\WINDOWS\System32\OLEAUT32.dll
0x00007ffdedfd0000 - 0x00007ffdee07d000 	C:\WINDOWS\System32\SHCORE.dll
0x00007ffdecce0000 - 0x00007ffdecd35000 	C:\WINDOWS\System32\shlwapi.dll
0x00007ffdec290000 - 0x00007ffdec2b3000 	C:\WINDOWS\SYSTEM32\profapi.dll
0x00007ffdc5fe0000 - 0x00007ffdc5ff3000 	C:\Program Files\Java\jdk-18.0.2\bin\net.dll
0x00007ffde6b00000 - 0x00007ffde6c0a000 	C:\WINDOWS\SYSTEM32\WINHTTP.dll
0x00007ffdebaf0000 - 0x00007ffdebb5a000 	C:\WINDOWS\system32\mswsock.dll
0x00007ffdaf920000 - 0x00007ffdaf936000 	C:\Program Files\Java\jdk-18.0.2\bin\nio.dll
0x00007ffdaf760000 - 0x00007ffdaf778000 	C:\Program Files\Java\jdk-18.0.2\bin\zip.dll
0x00007ffdd2100000 - 0x00007ffdd2109000 	C:\Program Files\Java\jdk-18.0.2\bin\management.dll
0x00007ffdd0140000 - 0x00007ffdd014b000 	C:\Program Files\Java\jdk-18.0.2\bin\management_ext.dll
0x00007ffdbe360000 - 0x00007ffdbe377000 	C:\WINDOWS\system32\napinsp.dll
0x00007ffdbdab0000 - 0x00007ffdbdacb000 	C:\WINDOWS\system32\pnrpnsp.dll
0x00007ffde7220000 - 0x00007ffde723d000 	C:\WINDOWS\system32\NLAapi.dll
0x00007ffdeb780000 - 0x00007ffdeb7bb000 	C:\WINDOWS\SYSTEM32\IPHLPAPI.DLL
0x00007ffdeb7c0000 - 0x00007ffdeb88b000 	C:\WINDOWS\SYSTEM32\DNSAPI.dll
0x00007ffdedfb0000 - 0x00007ffdedfb8000 	C:\WINDOWS\System32\NSI.dll
0x00007ffde7240000 - 0x00007ffde7255000 	C:\WINDOWS\system32\wshbth.dll
0x00007ffdbdb20000 - 0x00007ffdbdb32000 	C:\WINDOWS\System32\winrnr.dll
0x00000000607e0000 - 0x0000000060806000 	C:\Program Files\Bonjour\mdnsNSP.dll
0x00007ffde4c30000 - 0x00007ffde4c3a000 	C:\Windows\System32\rasadhlp.dll
0x00007ffde01d0000 - 0x00007ffde0250000 	C:\WINDOWS\System32\fwpuclnt.dll
0x00007ffdd0100000 - 0x00007ffdd0110000 	C:\Program Files\Java\jdk-18.0.2\bin\verify.dll

dbghelp: loaded successfully - version: 4.0.5 - missing functions: none
symbol engine: initialized successfully - sym options: 0x614 - pdb path: .;C:\Program Files\Java\jdk-18.0.2\bin;C:\WINDOWS\SYSTEM32;C:\WINDOWS\WinSxS\amd64_microsoft.windows.common-controls_6595b64144ccf1df_6.0.19041.3636_none_60b6a03d71f818d5;C:\Program Files\Java\jdk-18.0.2\bin\server;C:\Program Files\Bonjour

VM Arguments:
java_command: c:\Users\suren\.vscode\extensions\salesforce.salesforce-vscode-slds-1.4.9\lsp-0.0.14-executable.jar --PORT=14583
java_class_path (initial): c:\Users\suren\.vscode\extensions\salesforce.salesforce-vscode-slds-1.4.9\lsp-0.0.14-executable.jar
Launcher Type: SUN_STANDARD

[Global flags]
     intx CICompilerCount                          = 4                                         {product} {ergonomic}
     uint ConcGCThreads                            = 2                                         {product} {ergonomic}
     uint G1ConcRefinementThreads                  = 8                                         {product} {ergonomic}
   size_t G1HeapRegionSize                         = 1048576                                   {product} {ergonomic}
    uintx GCDrainStackTargetSize                   = 64                                        {product} {ergonomic}
   size_t InitialHeapSize                          = 132120576                                 {product} {ergonomic}
   size_t MarkStackSize                            = 4194304                                   {product} {ergonomic}
   size_t MaxHeapSize                              = 2095054848                                {product} {ergonomic}
   size_t MaxNewSize                               = 1256194048                                {product} {ergonomic}
   size_t MinHeapDeltaBytes                        = 1048576                                   {product} {ergonomic}
   size_t MinHeapSize                              = 8388608                                   {product} {ergonomic}
    uintx NonNMethodCodeHeapSize                   = 5839372                                {pd product} {ergonomic}
    uintx NonProfiledCodeHeapSize                  = 122909434                              {pd product} {ergonomic}
    uintx ProfiledCodeHeapSize                     = 122909434                              {pd product} {ergonomic}
    uintx ReservedCodeCacheSize                    = 251658240                              {pd product} {ergonomic}
     bool SegmentedCodeCache                       = true                                      {product} {ergonomic}
   size_t SoftMaxHeapSize                          = 2095054848                             {manageable} {ergonomic}
     bool UseCompressedClassPointers               = true                           {product lp64_product} {ergonomic}
     bool UseCompressedOops                        = true                           {product lp64_product} {ergonomic}
     bool UseG1GC                                  = true                                      {product} {ergonomic}
     bool UseLargePagesIndividualAllocation        = false                                  {pd product} {ergonomic}

Logging:
Log output configuration:
 #0: stdout all=warning uptime,level,tags foldmultilines=false
 #1: stderr all=off uptime,level,tags foldmultilines=false

Environment Variables:
JAVA_HOME=C:\Program Files\Java\jdk-18.0.2\
PATH=C:\Oracle\db_home\bin;C:\Program Files\Common Files\Oracle\Java\javapath;C:\Program Files (x86)\Common Files\Oracle\Java\javapath;C:\Windows\system32;C:\Windows;C:\Windows\System32\Wbem;C:\Windows\System32\WindowsPowerShell\v1.0\;C:\Windows\System32\OpenSSH\;C:\Program Files (x86)\NVIDIA Corporation\PhysX\Common;C:\Program Files\NVIDIA Corporation\NVIDIA NvDLISR;C:\WINDOWS\system32;C:\WINDOWS;C:\WINDOWS\System32\Wbem;C:\WINDOWS\System32\WindowsPowerShell\v1.0\;C:\WINDOWS\System32\OpenSSH\;C:\Program Files\dotnet\;C:\Program Files\CodeBlocks\MinGW\bin;C:\mysql\bin;C:\Program Files\MySQL\MySQL Shell 8.0\bin\;C:\Users\suren\AppData\Local\Programs\Python\Python310\Scripts\;C:\Users\suren\AppData\Local\Programs\Python\Python310\;C:\Users\suren\AppData\Local\Microsoft\WindowsApps;C:\Users\suren\AppData\Local\Programs\Microsoft VS Code\bin;C:\Users\suren\AppData\Local\GitHubDesktop\bin;C:\modeltech64_10.5\win64;E:\Flutter\flutte;C:\Program Files\Git\cmd;C:\Program Files\Git\mingw64\bin;C:\Program Files\Git\usr\bin;C:\Users\suren\AppData\Local\Android\Sdk;C:\Users\suren\AppData\Local\Android\Sdk\cmdline-tools\latest\bin;C:\Program Files\Java\jdk-18.0.2\bin;C:\Program Files\nodejs\;C:\Program Files\Redis\;C:\Program Files\Microsoft SQL Server\150\Tools\Binn\;C:\Program Files\Microsoft SQL Server\Client SDK\ODBC\170\Tools\Binn\;C:\Program Files (x86)\Microsoft SQL Server\160\DTS\Binn\;C:\Program Files (x86)\Microsoft SQL Server\160\Tools\Binn\;C:\Program Files\Microsoft SQL Server\160\Tools\Binn\;C:\Program Files\Microsoft SQL Server\160\DTS\Binn\;C:\Program Files\MySQL\MySQL Shell 8.0\bin\;C:\Users\suren\AppData\Local\Programs\Python\Python310\Scripts\;C:\Users\suren\AppData\Local\Programs\Python\Python310\;C:\Users\suren\AppData\Local\Microsoft\WindowsApps;C:\Users\suren\AppData\Local\Programs\Microsoft VS Code\bin;C:\modeltech64_10.5\win64;E:\Flutter\flutter\bin;C:\Program Files\JetBrains\IntelliJ IDEA Community Edition 2023.1.1\bin;;C:\Users\suren\AppData\Local\Android\Sdk;C:\Users\suren\AppData\Local\Android\Sdk\cmdline-tools\latest\bin;C:\Users\suren\AppData\Local\GitHubDesktop\bin;C:\Program Files\Java\jdk-18.0.2\bin;C:\Users\suren\AppData\Roaming\npm;C:\Program Files\Azure Data Studio\bin;C:\Users\suren\AppData\Local\Programs\mongosh\
USERNAME=Surendhar
OS=Windows_NT
PROCESSOR_IDENTIFIER=Intel64 Family 6 Model 165 Stepping 2, GenuineIntel



---------------  S Y S T E M  ---------------

OS:
 Windows 10 , 64 bit Build 19041 (10.0.19041.3636)
OS uptime: 3 days 7:34 hours

CPU: total 8 (initial active 8) (4 cores per cpu, 2 threads per core) family 6 model 165 stepping 2 microcode 0xf8, cx8, cmov, fxsr, ht, mmx, 3dnowpref, sse, sse2, sse3, ssse3, sse4.1, sse4.2, popcnt, lzcnt, tsc, tscinvbit, avx, avx2, aes, erms, clmul, bmi1, bmi2, adx, fma, vzeroupper, clflush, clflushopt

Memory: 4k page, system-wide physical 7985M (360M free)
TotalPageFile size 28179M (AvailPageFile size 11M)
current process WorkingSet (physical memory assigned to process): 175M, peak: 183M
current process commit charge ("private bytes"): 262M, peak: 271M

vm_info: Java HotSpot(TM) 64-Bit Server VM (18.0.2+9-61) for windows-amd64 JRE (18.0.2+9-61), built on Jun  7 2022 13:09:01 by "mach5one" with MS VC++ 16.8 / 16.9 (VS2019)

END.
